#
# A fatal error has been detected by the Java Runtime Environment:
#
#  SIGSEGV (0xb) at pc=0x00000001080232b0, pid=13977, tid=18691
#
# JRE version: Java(TM) SE Runtime Environment (8.0_25-b17) (build 1.8.0_25-b17)
# Java VM: Java HotSpot(TM) 64-Bit Server VM (25.25-b02 mixed mode bsd-amd64 compressed oops)
# Problematic frame:
# V  [libjvm.dylib+0x4232b0]  Method::checked_resolve_jmethod_id(_jmethodID*)+0xe
#
# Failed to write core dump. Core dumps have been disabled. To enable core dumping, try "ulimit -c unlimited" before starting Java again
#
# If you would like to submit a bug report, please visit:
#   http://bugreport.sun.com/bugreport/crash.jsp
#

---------------  T H R E A D  ---------------

Current thread (0x00007fbe80000800):  JavaThread "JDWP Transport Listener: dt_socket" daemon [_thread_in_vm, id=18691, stack(0x00000001e1a0a000,0x00000001e1b0a000)]

siginfo: si_signo: 11 (SIGSEGV), si_code: 0 (unknown), si_addr: 0x0000000000000000

Registers:
RAX=0x0000000000000001, RBX=0x00000001e1b09a8b, RCX=0x00000001083d6c80, RDX=0x00000001e1b09a8b
RSP=0x00000001e1b099d0, RBP=0x00000001e1b099e0, RSI=0x00007fbe80000800, RDI=0x6a4c15000000746c
R8 =0x0000000000000000, R9 =0x00007fbe7bc00000, R10=0x0000000000000010, R11=0x00007fbe7bc00000
R12=0x00007fbe80000800, R13=0x6a4c15000000746c, R14=0x6a4c15000000746c, R15=0x00007fbe7e000360
RIP=0x00000001080232b0, EFLAGS=0x0000000000010206, ERR=0x0000000000000000
  TRAPNO=0x000000000000000d

Top of Stack: (sp=0x00000001e1b099d0)
0x00000001e1b099d0:   00000001e1b09a8b 00000001e1b09a8b
0x00000001e1b099e0:   00000001e1b09a40 0000000107f3526e
0x00000001e1b099f0:   00007fbe80000800 0000000000000000
0x00000001e1b09a00:   0000000000000000 0000000000000000
0x00000001e1b09a10:   00007fbe80000800 00007fbe80000800
0x00000001e1b09a20:   00000001e1b09a8b 00000001e1b09a90
0x00000001e1b09a30:   6a4c15000000746c 000000000000001f
0x00000001e1b09a40:   00000001e1b09a60 0000000108c747dc
0x00000001e1b09a50:   0000000000000001 00000001e1b09b08
0x00000001e1b09a60:   00000001e1b09ad0 0000000108c59263
0x00000001e1b09a70:   00000001e1b09aa0 00007fbe7bc57210
0x00000001e1b09a80:   0000002000000032 0000000800b09b08
0x00000001e1b09a90:   0000000000000000 0000000000000000
0x00000001e1b09aa0:   0000000000000000 00000001e1b09c90
0x00000001e1b09ab0:   0000000108c7beca 00007fbe7bc43fc0
0x00000001e1b09ac0:   00000001e1b09b08 0000000108c87588
0x00000001e1b09ad0:   00000001e1b09ae0 0000000108c5935c
0x00000001e1b09ae0:   00000001e1b09d00 0000000108c628f6
0x00000001e1b09af0:   0000224900000013 00000000000f0200
0x00000001e1b09b00:   00007fbe7bc440b0 00007fbe7c290bea
0x00000001e1b09b10:   00007fbe00000376 00007fbe7bc56ec0
0x00000001e1b09b20:   00007fbe0000012c 00000001e1b09b58
0x00000001e1b09b30:   00007fbe7bc56c20 00007f0000000000
0x00000001e1b09b40:   0000224900000e29 00007fff00005f80
0x00000001e1b09b50:   0000000000000000 be7f000020000000
0x00000001e1b09b60:   0e000000486a127e 6d246164626d616c
0x00000001e1b09b70:   00003132246e6961 6f2f6c704c283500
0x00000001e1b09b80:   676f6c2f736f7274 6975672f77656976
0x00000001e1b09b90:   747365676775732f 726165532f6e6f69
0x00000001e1b09ba0:   7365676775536863 0056293b6e6f6974
0x00000001e1b09bb0:   000a1000f0000000 00d840c47bbe7f00
0x00000001e1b09bc0:   75537465670e0000 6e6f697473656767 

Instructions: (pc=0x00000001080232b0)
0x0000000108023290:   40 48 48 85 c0 75 e0 30 c0 0f b6 c0 5d c3 31 c0
0x00000001080232a0:   5d c3 55 48 89 e5 53 48 83 ec 08 48 85 ff 74 24
0x00000001080232b0:   48 8b 1f 48 85 db 74 1c 48 83 fb 37 74 16 48 8b
0x00000001080232c0:   03 48 89 df ff 50 10 84 c0 b8 00 00 00 00 48 0f 

Register to memory mapping:

RAX=0x0000000000000001 is an unknown value
RBX=0x00000001e1b09a8b is pointing into the stack for thread: 0x00007fbe80000800
RCX=0x00000001083d6c80: UseMembar+0 in /Library/Java/JavaVirtualMachines/jdk1.8.0_25.jdk/Contents/Home/jre/lib/server/libjvm.dylib at 0x0000000107c00000
RDX=0x00000001e1b09a8b is pointing into the stack for thread: 0x00007fbe80000800
RSP=0x00000001e1b099d0 is pointing into the stack for thread: 0x00007fbe80000800
RBP=0x00000001e1b099e0 is pointing into the stack for thread: 0x00007fbe80000800
RSI=0x00007fbe80000800 is a thread
RDI=0x6a4c15000000746c is an unknown value
R8 =0x0000000000000000 is an unknown value
R9 =0x00007fbe7bc00000 is an unknown value
R10=0x0000000000000010 is an unknown value
R11=0x00007fbe7bc00000 is an unknown value
R12=0x00007fbe80000800 is a thread
R13=0x6a4c15000000746c is an unknown value
R14=0x6a4c15000000746c is an unknown value
R15=0x00007fbe7e000360 is an unknown value


Stack: [0x00000001e1a0a000,0x00000001e1b0a000],  sp=0x00000001e1b099d0,  free space=1022k
Native frames: (J=compiled Java code, j=interpreted, Vv=VM code, C=native code)
V  [libjvm.dylib+0x4232b0]  Method::checked_resolve_jmethod_id(_jmethodID*)+0xe
V  [libjvm.dylib+0x33526e]  jvmti_IsMethodSynthetic+0xb2
C  [libjdwp.dylib+0x207dc]  isMethodSynthetic+0x63
C  [libjdwp.dylib+0x5263]  methods1+0x10b
C  [libjdwp.dylib+0x535c]  methodsWithGeneric+0xe
C  [libjdwp.dylib+0xe8f6]  debugLoop_run+0x1ce
C  [libjdwp.dylib+0x1f716]  attachThread+0x4d
V  [libjvm.dylib+0x3762ce]  JvmtiAgentThread::call_start_function()+0x38
V  [libjvm.dylib+0x535ed9]  JavaThread::thread_main_inner()+0x9b
V  [libjvm.dylib+0x53761c]  JavaThread::run()+0x1c2
V  [libjvm.dylib+0x45d87e]  java_start(Thread*)+0xf6
C  [libsystem_pthread.dylib+0x3268]  _pthread_body+0x83
C  [libsystem_pthread.dylib+0x31e5]  _pthread_body+0x0
C  [libsystem_pthread.dylib+0x141d]  thread_start+0xd
C  0x0000000000000000


---------------  P R O C E S S  ---------------

Java Threads: ( => current thread )
  0x00007fbe7c153000 JavaThread "Service Thread" daemon [_thread_blocked, id=22275, stack(0x00000001e2364000,0x00000001e2464000)]
  0x00007fbe8002e800 JavaThread "C1 CompilerThread3" daemon [_thread_blocked, id=21763, stack(0x00000001e2261000,0x00000001e2361000)]
  0x00007fbe8002e000 JavaThread "C2 CompilerThread2" daemon [_thread_blocked, id=21251, stack(0x00000001e215e000,0x00000001e225e000)]
  0x00007fbe8002d000 JavaThread "C2 CompilerThread1" daemon [_thread_blocked, id=20739, stack(0x00000001e205b000,0x00000001e215b000)]
  0x00007fbe7c152000 JavaThread "C2 CompilerThread0" daemon [_thread_blocked, id=20227, stack(0x00000001e1f58000,0x00000001e2058000)]
  0x00007fbe7c800800 JavaThread "JDWP Command Reader" daemon [_thread_in_native, id=19715, stack(0x00000001e1c10000,0x00000001e1d10000)]
  0x00007fbe7d015800 JavaThread "JDWP Event Helper Thread" daemon [_thread_blocked, id=19203, stack(0x00000001e1b0d000,0x00000001e1c0d000)]
=>0x00007fbe80000800 JavaThread "JDWP Transport Listener: dt_socket" daemon [_thread_in_vm, id=18691, stack(0x00000001e1a0a000,0x00000001e1b0a000)]
  0x00007fbe7f000800 JavaThread "Signal Dispatcher" daemon [_thread_blocked, id=15379, stack(0x00000001e1907000,0x00000001e1a07000)]
  0x00007fbe7d812800 JavaThread "Finalizer" daemon [_thread_blocked, id=13571, stack(0x00000001dfeeb000,0x00000001dffeb000)]
  0x00007fbe7c803800 JavaThread "Reference Handler" daemon [_thread_blocked, id=13059, stack(0x00000001dfde8000,0x00000001dfee8000)]
  0x00007fbe7f800800 JavaThread "main" [_thread_blocked, id=4867, stack(0x0000000108b1d000,0x0000000108c1d000)]

Other Threads:
  0x00007fbe7d804000 VMThread [stack: 0x00000001dfce5000,0x00000001dfde5000] [id=12547]
  0x00007fbe7d01f800 WatcherThread [stack: 0x00000001e2467000,0x00000001e2567000] [id=22787]

VM state:not at safepoint (normal execution)

VM Mutex/Monitor currently owned by a thread: None

Heap:
 PSYoungGen      total 38400K, used 19363K [0x000000016d980000, 0x0000000170400000, 0x0000000198400000)
  eden space 33280K, 58% used [0x000000016d980000,0x000000016ec68cd0,0x000000016fa00000)
  from space 5120K, 0% used [0x000000016ff00000,0x000000016ff00000,0x0000000170400000)
  to   space 5120K, 0% used [0x000000016fa00000,0x000000016fa00000,0x000000016ff00000)
 ParOldGen       total 87552K, used 0K [0x0000000118400000, 0x000000011d980000, 0x000000016d980000)
  object space 87552K, 0% used [0x0000000118400000,0x0000000118400000,0x000000011d980000)
 Metaspace       used 6063K, capacity 6176K, committed 6400K, reserved 1056768K
  class space    used 681K, capacity 730K, committed 768K, reserved 1048576K

Card table byte_map: [0x0000000198400000,0x0000000198801000] byte_map_base: 0x0000000197b3e000

Marking Bits: (ParMarkBitMap*) 0x000000010849d390
 Begin Bits: [0x00000001991c1000, 0x000000019b1c1000)
 End Bits:   [0x000000019b1c1000, 0x000000019d1c1000)

Polling page: 0x0000000108c53000

CodeCache: size=245760Kb used=2135Kb max_used=2135Kb free=243624Kb
 bounds [0x0000000108d0a000, 0x0000000108f7a000, 0x0000000117d0a000]
 total_blobs=711 nmethods=428 adapters=206
 compilation: enabled

Compilation events (10 events):
Event: 0.470 Thread 0x00007fbe8002e800  421       3       jdk.internal.org.objectweb.asm.Item::isEqualTo (354 bytes)
Event: 0.471 Thread 0x00007fbe8002e800 nmethod 421 0x0000000108f1d6d0 code [0x0000000108f1d900, 0x0000000108f1e628]
Event: 0.471 Thread 0x00007fbe8002e800  418  s    3       java.lang.StringBuffer::append (13 bytes)
Event: 0.471 Thread 0x00007fbe8002e800 nmethod 418 0x0000000108f1ea10 code [0x0000000108f1eba0, 0x0000000108f1f0a8]
Event: 0.471 Thread 0x00007fbe8002e800  428       1       java.lang.invoke.MethodHandle::type (5 bytes)
Event: 0.471 Thread 0x00007fbe8002e800 nmethod 428 0x0000000108f1f310 code [0x0000000108f1f460, 0x0000000108f1f570]
Event: 0.471 Thread 0x00007fbe8002e800  414       1       java.lang.invoke.LambdaForm::arity (5 bytes)
Event: 0.471 Thread 0x00007fbe8002e800 nmethod 414 0x0000000108f1f5d0 code [0x0000000108f1f720, 0x0000000108f1f830]
Event: 0.471 Thread 0x00007fbe8002e800  425       1       java.lang.invoke.MethodTypeForm::erasedType (5 bytes)
Event: 0.471 Thread 0x00007fbe8002e800 nmethod 425 0x0000000108f1f890 code [0x0000000108f1f9e0, 0x0000000108f1faf0]

GC Heap History (0 events):
No events

Deoptimization events (3 events):
Event: 0.361 Thread 0x00007fbe7f800800 Uncommon trap: reason=unreached action=reinterpret pc=0x0000000108ebdcf8 method=java.util.zip.ZipCoder.encoder()Ljava/nio/charset/CharsetEncoder; @ 4
Event: 0.361 Thread 0x00007fbe7f800800 Uncommon trap: reason=unreached action=reinterpret pc=0x0000000108ec4718 method=java.util.zip.ZipCoder.encoder()Ljava/nio/charset/CharsetEncoder; @ 4
Event: 0.361 Thread 0x00007fbe7f800800 Uncommon trap: reason=unreached action=reinterpret pc=0x0000000108ec353c method=java.util.zip.ZipCoder.encoder()Ljava/nio/charset/CharsetEncoder; @ 4

Internal exceptions (10 events):
Event: 0.403 Thread 0x00007fbe7f800800 Exception <a 'java/security/PrivilegedActionException'> (0x000000016e9ae318) thrown at [/HUDSON3/workspace/8-2-build-macosx-x86_64/jdk8u25/1514/hotspot/src/share/vm/prims/jvm.cpp, line 1312]
Event: 0.404 Thread 0x00007fbe7f800800 Exception <a 'java/security/PrivilegedActionException'> (0x000000016e9b8718) thrown at [/HUDSON3/workspace/8-2-build-macosx-x86_64/jdk8u25/1514/hotspot/src/share/vm/prims/jvm.cpp, line 1312]
Event: 0.407 Thread 0x00007fbe7f800800 Exception <a 'java/security/PrivilegedActionException'> (0x000000016e9c4dd0) thrown at [/HUDSON3/workspace/8-2-build-macosx-x86_64/jdk8u25/1514/hotspot/src/share/vm/prims/jvm.cpp, line 1312]
Event: 0.408 Thread 0x00007fbe7f800800 Exception <a 'java/security/PrivilegedActionException'> (0x000000016e9cfed8) thrown at [/HUDSON3/workspace/8-2-build-macosx-x86_64/jdk8u25/1514/hotspot/src/share/vm/prims/jvm.cpp, line 1312]
Event: 0.433 Thread 0x00007fbe7f800800 Exception <a 'java/lang/ClassNotFoundException': java/lang/Null> (0x000000016ea4cb68) thrown at [/HUDSON3/workspace/8-2-build-macosx-x86_64/jdk8u25/1514/hotspot/src/share/vm/classfile/systemDictionary.cpp, line 202]
Event: 0.451 Thread 0x00007fbe7f800800 Exception <a 'java/lang/NoSuchFieldError': method resolution failed> (0x000000016eab3ba0) thrown at [/HUDSON3/workspace/8-2-build-macosx-x86_64/jdk8u25/1514/hotspot/src/share/vm/prims/methodHandles.cpp, line 1159]
Event: 0.453 Thread 0x00007fbe7f800800 Exception <a 'java/lang/NoSuchFieldError': method resolution failed> (0x000000016eac2fd0) thrown at [/HUDSON3/workspace/8-2-build-macosx-x86_64/jdk8u25/1514/hotspot/src/share/vm/prims/methodHandles.cpp, line 1159]
Event: 0.454 Thread 0x00007fbe7f800800 Exception <a 'java/lang/NoSuchFieldError': method resolution failed> (0x000000016eac85b0) thrown at [/HUDSON3/workspace/8-2-build-macosx-x86_64/jdk8u25/1514/hotspot/src/share/vm/prims/methodHandles.cpp, line 1159]
Event: 9.774 Thread 0x00007fbe7f800800 Exception <a 'java/security/PrivilegedActionException'> (0x000000016eb5d840) thrown at [/HUDSON3/workspace/8-2-build-macosx-x86_64/jdk8u25/1514/hotspot/src/share/vm/prims/jvm.cpp, line 1312]
Event: 9.800 Thread 0x00007fbe7f800800 Exception <a 'java/security/PrivilegedActionException'> (0x000000016eb99908) thrown at [/HUDSON3/workspace/8-2-build-macosx-x86_64/jdk8u25/1514/hotspot/src/share/vm/prims/jvm.cpp, line 1312]

Events (10 events):
Event: 561.437 Executing VM operation: ChangeBreakpoints
Event: 561.437 Executing VM operation: ChangeBreakpoints done
Event: 561.438 Executing VM operation: ChangeBreakpoints
Event: 561.438 Executing VM operation: ChangeBreakpoints done
Event: 561.440 Executing VM operation: ChangeBreakpoints
Event: 561.440 Executing VM operation: ChangeBreakpoints done
Event: 561.442 Thread 0x00007fbe80000800 DEOPT PACKING pc=0x0000000108ecac6c sp=0x00000001e1b085a0
Event: 561.442 Thread 0x00007fbe80000800 DEOPT UNPACKING pc=0x0000000108d51373 sp=0x00000001e1b082f8 mode 1
Event: 561.451 Executing VM operation: RedefineClasses
Event: 561.454 Executing VM operation: RedefineClasses done


Dynamic libraries:
0x0000000005b1a000 	/System/Library/Frameworks/Cocoa.framework/Versions/A/Cocoa
0x0000000005b1a000 	/System/Library/Frameworks/Security.framework/Versions/A/Security
0x0000000005b1a000 	/System/Library/Frameworks/ApplicationServices.framework/Versions/A/ApplicationServices
0x0000000005b1a000 	/usr/lib/libz.1.dylib
0x0000000005b1a000 	/usr/lib/libSystem.B.dylib
0x0000000005b1a000 	/usr/lib/libobjc.A.dylib
0x0000000005b1a000 	/System/Library/Frameworks/CoreFoundation.framework/Versions/A/CoreFoundation
0x0000000005b1a000 	/System/Library/Frameworks/Foundation.framework/Versions/C/Foundation
0x0000000005b1a000 	/System/Library/Frameworks/AppKit.framework/Versions/C/AppKit
0x0000000005b1a000 	/System/Library/Frameworks/CoreData.framework/Versions/A/CoreData
0x0000000005b1a000 	/System/Library/PrivateFrameworks/RemoteViewServices.framework/Versions/A/RemoteViewServices
0x0000000005b1a000 	/System/Library/PrivateFrameworks/UIFoundation.framework/Versions/A/UIFoundation
0x0000000005b1a000 	/System/Library/Frameworks/IOSurface.framework/Versions/A/IOSurface
0x0000000005b1a000 	/System/Library/Frameworks/AudioToolbox.framework/Versions/A/AudioToolbox
0x0000000005b1a000 	/System/Library/Frameworks/AudioUnit.framework/Versions/A/AudioUnit
0x0000000005b1a000 	/System/Library/PrivateFrameworks/DataDetectorsCore.framework/Versions/A/DataDetectorsCore
0x0000000005b1a000 	/System/Library/PrivateFrameworks/DesktopServicesPriv.framework/Versions/A/DesktopServicesPriv
0x0000000005b1a000 	/System/Library/Frameworks/Carbon.framework/Versions/A/Frameworks/HIToolbox.framework/Versions/A/HIToolbox
0x0000000005b1a000 	/System/Library/Frameworks/QuartzCore.framework/Versions/A/QuartzCore
0x0000000005b1a000 	/System/Library/Frameworks/Carbon.framework/Versions/A/Frameworks/SpeechRecognition.framework/Versions/A/SpeechRecognition
0x0000000005b1a000 	/usr/lib/libauto.dylib
0x0000000005b1a000 	/usr/lib/libicucore.A.dylib
0x0000000005b1a000 	/usr/lib/libxml2.2.dylib
0x0000000005b1a000 	/System/Library/PrivateFrameworks/CoreUI.framework/Versions/A/CoreUI
0x0000000005b1a000 	/System/Library/Frameworks/CoreAudio.framework/Versions/A/CoreAudio
0x0000000005b1a000 	/System/Library/Frameworks/DiskArbitration.framework/Versions/A/DiskArbitration
0x0000000005b1a000 	/usr/lib/liblangid.dylib
0x0000000005b1a000 	/System/Library/PrivateFrameworks/MultitouchSupport.framework/Versions/A/MultitouchSupport
0x0000000005b1a000 	/System/Library/Frameworks/IOKit.framework/Versions/A/IOKit
0x0000000005b1a000 	/usr/lib/libDiagnosticMessagesClient.dylib
0x0000000005b1a000 	/System/Library/Frameworks/CoreServices.framework/Versions/A/CoreServices
0x0000000005b1a000 	/System/Library/PrivateFrameworks/PerformanceAnalysis.framework/Versions/A/PerformanceAnalysis
0x0000000005b1a000 	/System/Library/PrivateFrameworks/GenerationalStorage.framework/Versions/A/GenerationalStorage
0x0000000005b1a000 	/System/Library/Frameworks/OpenGL.framework/Versions/A/OpenGL
0x0000000005b1a000 	/System/Library/PrivateFrameworks/Sharing.framework/Versions/A/Sharing
0x0000000005b1a000 	/System/Library/Frameworks/CoreGraphics.framework/Versions/A/CoreGraphics
0x0000000005b1a000 	/System/Library/Frameworks/CoreText.framework/Versions/A/CoreText
0x0000000005b1a000 	/System/Library/Frameworks/ImageIO.framework/Versions/A/ImageIO
0x0000000005b1a000 	/usr/lib/libextension.dylib
0x0000000005b1a000 	/System/Library/PrivateFrameworks/Backup.framework/Versions/A/Backup
0x0000000005b1a000 	/usr/lib/libarchive.2.dylib
0x0000000005b1a000 	/System/Library/Frameworks/CFNetwork.framework/Versions/A/CFNetwork
0x0000000005b1a000 	/System/Library/Frameworks/SystemConfiguration.framework/Versions/A/SystemConfiguration
0x0000000005b1a000 	/usr/lib/libCRFSuite.dylib
0x0000000005b1a000 	/usr/lib/libc++.1.dylib
0x0000000005b1a000 	/usr/lib/libc++abi.dylib
0x0000000005b1a000 	/usr/lib/system/libcache.dylib
0x0000000005b1a000 	/usr/lib/system/libcommonCrypto.dylib
0x0000000005b1a000 	/usr/lib/system/libcompiler_rt.dylib
0x0000000005b1a000 	/usr/lib/system/libcopyfile.dylib
0x0000000005b1a000 	/usr/lib/system/libcorecrypto.dylib
0x0000000005b1a000 	/usr/lib/system/libdispatch.dylib
0x0000000005b1a000 	/usr/lib/system/libdyld.dylib
0x0000000005b1a000 	/usr/lib/system/libkeymgr.dylib
0x0000000005b1a000 	/usr/lib/system/liblaunch.dylib
0x0000000005b1a000 	/usr/lib/system/libmacho.dylib
0x0000000005b1a000 	/usr/lib/system/libquarantine.dylib
0x0000000005b1a000 	/usr/lib/system/libremovefile.dylib
0x0000000005b1a000 	/usr/lib/system/libsystem_asl.dylib
0x0000000005b1a000 	/usr/lib/system/libsystem_blocks.dylib
0x0000000005b1a000 	/usr/lib/system/libsystem_c.dylib
0x0000000005b1a000 	/usr/lib/system/libsystem_configuration.dylib
0x0000000005b1a000 	/usr/lib/system/libsystem_coreservices.dylib
0x0000000005b1a000 	/usr/lib/system/libsystem_coretls.dylib
0x0000000005b1a000 	/usr/lib/system/libsystem_dnssd.dylib
0x0000000005b1a000 	/usr/lib/system/libsystem_info.dylib
0x0000000005b1a000 	/usr/lib/system/libsystem_kernel.dylib
0x0000000005b1a000 	/usr/lib/system/libsystem_m.dylib
0x0000000005b1a000 	/usr/lib/system/libsystem_malloc.dylib
0x0000000005b1a000 	/usr/lib/system/libsystem_network.dylib
0x0000000005b1a000 	/usr/lib/system/libsystem_networkextension.dylib
0x0000000005b1a000 	/usr/lib/system/libsystem_notify.dylib
0x0000000005b1a000 	/usr/lib/system/libsystem_platform.dylib
0x0000000005b1a000 	/usr/lib/system/libsystem_pthread.dylib
0x0000000005b1a000 	/usr/lib/system/libsystem_sandbox.dylib
0x0000000005b1a000 	/usr/lib/system/libsystem_secinit.dylib
0x0000000005b1a000 	/usr/lib/system/libsystem_stats.dylib
0x0000000005b1a000 	/usr/lib/system/libsystem_trace.dylib
0x0000000005b1a000 	/usr/lib/system/libunc.dylib
0x0000000005b1a000 	/usr/lib/system/libunwind.dylib
0x0000000005b1a000 	/usr/lib/system/libxpc.dylib
0x0000000005b1a000 	/usr/lib/libbz2.1.0.dylib
0x0000000005b1a000 	/usr/lib/liblzma.5.dylib
0x0000000005b1a000 	/usr/lib/libbsm.0.dylib
0x0000000005b1a000 	/usr/lib/libsqlite3.dylib
0x0000000005b1a000 	/usr/lib/system/libkxld.dylib
0x0000000005b1a000 	/usr/lib/libxar.1.dylib
0x0000000005b1a000 	/usr/lib/libpam.2.dylib
0x0000000005b1a000 	/usr/lib/libOpenScriptingUtil.dylib
0x0000000005b1a000 	/System/Library/Frameworks/CoreServices.framework/Versions/A/Frameworks/FSEvents.framework/Versions/A/FSEvents
0x0000000005b1a000 	/System/Library/Frameworks/CoreServices.framework/Versions/A/Frameworks/CarbonCore.framework/Versions/A/CarbonCore
0x0000000005b1a000 	/System/Library/Frameworks/CoreServices.framework/Versions/A/Frameworks/Metadata.framework/Versions/A/Metadata
0x0000000005b1a000 	/System/Library/Frameworks/CoreServices.framework/Versions/A/Frameworks/OSServices.framework/Versions/A/OSServices
0x0000000005b1a000 	/System/Library/Frameworks/CoreServices.framework/Versions/A/Frameworks/SearchKit.framework/Versions/A/SearchKit
0x0000000005b1a000 	/System/Library/Frameworks/CoreServices.framework/Versions/A/Frameworks/AE.framework/Versions/A/AE
0x0000000005b1a000 	/System/Library/Frameworks/CoreServices.framework/Versions/A/Frameworks/LaunchServices.framework/Versions/A/LaunchServices
0x0000000005b1a000 	/System/Library/Frameworks/CoreServices.framework/Versions/A/Frameworks/DictionaryServices.framework/Versions/A/DictionaryServices
0x0000000005b1a000 	/System/Library/Frameworks/NetFS.framework/Versions/A/NetFS
0x0000000005b1a000 	/System/Library/PrivateFrameworks/NetAuth.framework/Versions/A/NetAuth
0x0000000005b1a000 	/System/Library/PrivateFrameworks/login.framework/Versions/A/Frameworks/loginsupport.framework/Versions/A/loginsupport
0x0000000005b1a000 	/System/Library/PrivateFrameworks/TCC.framework/Versions/A/TCC
0x0000000005b1a000 	/usr/lib/libmecabra.dylib
0x0000000005b1a000 	/System/Library/Frameworks/ApplicationServices.framework/Versions/A/Frameworks/ATS.framework/Versions/A/ATS
0x0000000005b1a000 	/System/Library/Frameworks/ApplicationServices.framework/Versions/A/Frameworks/ColorSync.framework/Versions/A/ColorSync
0x0000000005b1a000 	/System/Library/Frameworks/ApplicationServices.framework/Versions/A/Frameworks/HIServices.framework/Versions/A/HIServices
0x0000000005b1a000 	/System/Library/Frameworks/ApplicationServices.framework/Versions/A/Frameworks/LangAnalysis.framework/Versions/A/LangAnalysis
0x0000000005b1a000 	/System/Library/Frameworks/ApplicationServices.framework/Versions/A/Frameworks/PrintCore.framework/Versions/A/PrintCore
0x0000000005b1a000 	/System/Library/Frameworks/ApplicationServices.framework/Versions/A/Frameworks/QD.framework/Versions/A/QD
0x0000000005b1a000 	/System/Library/Frameworks/ApplicationServices.framework/Versions/A/Frameworks/SpeechSynthesis.framework/Versions/A/SpeechSynthesis
0x0000000005b1a000 	/System/Library/Frameworks/Accelerate.framework/Versions/A/Accelerate
0x0000000005b1a000 	/System/Library/Frameworks/Accelerate.framework/Versions/A/Frameworks/vImage.framework/Versions/A/vImage
0x0000000005b1a000 	/System/Library/Frameworks/Accelerate.framework/Versions/A/Frameworks/vecLib.framework/Versions/A/vecLib
0x0000000005b1a000 	/System/Library/Frameworks/Accelerate.framework/Versions/A/Frameworks/vecLib.framework/Versions/A/libvDSP.dylib
0x0000000005b1a000 	/System/Library/Frameworks/Accelerate.framework/Versions/A/Frameworks/vecLib.framework/Versions/A/libvMisc.dylib
0x0000000005b1a000 	/System/Library/Frameworks/Accelerate.framework/Versions/A/Frameworks/vecLib.framework/Versions/A/libLAPACK.dylib
0x0000000005b1a000 	/System/Library/Frameworks/Accelerate.framework/Versions/A/Frameworks/vecLib.framework/Versions/A/libBLAS.dylib
0x0000000005b1a000 	/System/Library/Frameworks/Accelerate.framework/Versions/A/Frameworks/vecLib.framework/Versions/A/libLinearAlgebra.dylib
0x0000000005b1a000 	/System/Library/Frameworks/ApplicationServices.framework/Versions/A/Frameworks/ATS.framework/Versions/A/Resources/libFontParser.dylib
0x0000000005b1a000 	/System/Library/Frameworks/ApplicationServices.framework/Versions/A/Frameworks/ATS.framework/Versions/A/Resources/libFontRegistry.dylib
0x0000000005b1a000 	/System/Library/PrivateFrameworks/AppleVPA.framework/Versions/A/AppleVPA
0x0000000005b1a000 	/System/Library/PrivateFrameworks/AppleJPEG.framework/Versions/A/AppleJPEG
0x0000000005b1a000 	/System/Library/Frameworks/ImageIO.framework/Versions/A/Resources/libJPEG.dylib
0x0000000005b1a000 	/System/Library/Frameworks/ImageIO.framework/Versions/A/Resources/libTIFF.dylib
0x0000000005b1a000 	/System/Library/Frameworks/ImageIO.framework/Versions/A/Resources/libPng.dylib
0x0000000005b1a000 	/System/Library/Frameworks/ImageIO.framework/Versions/A/Resources/libGIF.dylib
0x0000000005b1a000 	/System/Library/Frameworks/ImageIO.framework/Versions/A/Resources/libJP2.dylib
0x0000000005b1a000 	/System/Library/Frameworks/ImageIO.framework/Versions/A/Resources/libRadiance.dylib
0x0000000005b1a000 	/System/Library/Frameworks/CoreVideo.framework/Versions/A/CoreVideo
0x0000000005b1a000 	/System/Library/Frameworks/OpenGL.framework/Versions/A/Libraries/libGLU.dylib
0x0000000005b1a000 	/System/Library/Frameworks/OpenGL.framework/Versions/A/Libraries/libGFXShared.dylib
0x0000000005b1a000 	/System/Library/Frameworks/OpenGL.framework/Versions/A/Libraries/libGL.dylib
0x0000000005b1a000 	/System/Library/Frameworks/OpenGL.framework/Versions/A/Libraries/libGLImage.dylib
0x0000000005b1a000 	/System/Library/Frameworks/OpenGL.framework/Versions/A/Libraries/libCVMSPluginSupport.dylib
0x0000000005b1a000 	/System/Library/Frameworks/OpenGL.framework/Versions/A/Libraries/libCoreVMClient.dylib
0x0000000005b1a000 	/usr/lib/libcups.2.dylib
0x0000000005b1a000 	/System/Library/Frameworks/Kerberos.framework/Versions/A/Kerberos
0x0000000005b1a000 	/System/Library/Frameworks/GSS.framework/Versions/A/GSS
0x0000000005b1a000 	/usr/lib/libresolv.9.dylib
0x0000000005b1a000 	/usr/lib/libiconv.2.dylib
0x0000000005b1a000 	/System/Library/PrivateFrameworks/Heimdal.framework/Versions/A/Heimdal
0x0000000005b1a000 	/usr/lib/libheimdal-asn1.dylib
0x0000000005b1a000 	/System/Library/Frameworks/OpenDirectory.framework/Versions/A/OpenDirectory
0x0000000005b1a000 	/System/Library/PrivateFrameworks/CommonAuth.framework/Versions/A/CommonAuth
0x0000000005b1a000 	/System/Library/Frameworks/OpenDirectory.framework/Versions/A/Frameworks/CFOpenDirectory.framework/Versions/A/CFOpenDirectory
0x0000000005b1a000 	/System/Library/Frameworks/SecurityFoundation.framework/Versions/A/SecurityFoundation
0x0000000005b1a000 	/System/Library/PrivateFrameworks/LanguageModeling.framework/Versions/A/LanguageModeling
0x0000000005b1a000 	/usr/lib/libcmph.dylib
0x0000000005b1a000 	/System/Library/Frameworks/ServiceManagement.framework/Versions/A/ServiceManagement
0x0000000005b1a000 	/usr/lib/libxslt.1.dylib
0x0000000005b1a000 	/System/Library/Frameworks/Carbon.framework/Versions/A/Frameworks/Ink.framework/Versions/A/Ink
0x0000000005b1a000 	/System/Library/Frameworks/QuartzCore.framework/Versions/A/Frameworks/CoreImage.framework/Versions/A/CoreImage
0x0000000005b1a000 	/System/Library/PrivateFrameworks/CrashReporterSupport.framework/Versions/A/CrashReporterSupport
0x0000000005b1a000 	/System/Library/Frameworks/OpenCL.framework/Versions/A/OpenCL
0x0000000005b1a000 	/System/Library/PrivateFrameworks/FaceCore.framework/Versions/A/FaceCore
0x0000000005b1a000 	/System/Library/PrivateFrameworks/Ubiquity.framework/Versions/A/Ubiquity
0x0000000005b1a000 	/System/Library/PrivateFrameworks/IconServices.framework/Versions/A/IconServices
0x0000000005b1a000 	/System/Library/PrivateFrameworks/ChunkingLibrary.framework/Versions/A/ChunkingLibrary
0x0000000005b1a000 	/System/Library/PrivateFrameworks/Apple80211.framework/Versions/A/Apple80211
0x0000000005b1a000 	/System/Library/Frameworks/CoreWLAN.framework/Versions/A/CoreWLAN
0x0000000005b1a000 	/System/Library/Frameworks/IOBluetooth.framework/Versions/A/IOBluetooth
0x0000000005b1a000 	/System/Library/PrivateFrameworks/CoreWiFi.framework/Versions/A/CoreWiFi
0x0000000005b1a000 	/System/Library/Frameworks/CoreBluetooth.framework/Versions/A/CoreBluetooth
0x0000000005b1a000 	/System/Library/PrivateFrameworks/DebugSymbols.framework/Versions/A/DebugSymbols
0x0000000005b1a000 	/System/Library/PrivateFrameworks/CoreSymbolication.framework/Versions/A/CoreSymbolication
0x0000000005b1a000 	/System/Library/PrivateFrameworks/Symbolication.framework/Versions/A/Symbolication
0x0000000005b1a000 	/System/Library/PrivateFrameworks/SpeechRecognitionCore.framework/Versions/A/SpeechRecognitionCore
0x0000000107c00000 	/Library/Java/JavaVirtualMachines/jdk1.8.0_25.jdk/Contents/Home/jre/lib/server/libjvm.dylib
0x0000000005b1a000 	/usr/lib/libstdc++.6.dylib
0x0000000106bf2000 	/Library/Java/JavaVirtualMachines/jdk1.8.0_25.jdk/Contents/Home/jre/lib/libverify.dylib
0x0000000108c1f000 	/Library/Java/JavaVirtualMachines/jdk1.8.0_25.jdk/Contents/Home/jre/lib/libjava.dylib
0x0000000108c54000 	/Library/Java/JavaVirtualMachines/jdk1.8.0_25.jdk/Contents/Home/jre/lib/libjdwp.dylib
0x0000000108c9f000 	/Library/Java/JavaVirtualMachines/jdk1.8.0_25.jdk/Contents/Home/jre/lib/libnpt.dylib
0x0000000108ca3000 	/Library/Java/JavaVirtualMachines/jdk1.8.0_25.jdk/Contents/Home/jre/lib/libinstrument.dylib
0x0000000108d01000 	/Library/Java/JavaVirtualMachines/jdk1.8.0_25.jdk/Contents/Home/jre/lib/libzip.dylib
0x00000001dffed000 	/System/Library/Frameworks/JavaVM.framework/Frameworks/JavaRuntimeSupport.framework/JavaRuntimeSupport
0x00000001e0003000 	/System/Library/Frameworks/JavaVM.framework/Versions/A/Frameworks/JavaNativeFoundation.framework/Versions/A/JavaNativeFoundation
0x00000001e0017000 	/System/Library/Frameworks/JavaVM.framework/Versions/A/JavaVM
0x0000000005b1a000 	/System/Library/Frameworks/Carbon.framework/Versions/A/Carbon
0x00000001181f5000 	/System/Library/PrivateFrameworks/JavaLaunching.framework/Versions/A/JavaLaunching
0x0000000005b1a000 	/System/Library/Frameworks/Carbon.framework/Versions/A/Frameworks/CommonPanels.framework/Versions/A/CommonPanels
0x0000000005b1a000 	/System/Library/Frameworks/Carbon.framework/Versions/A/Frameworks/Help.framework/Versions/A/Help
0x0000000005b1a000 	/System/Library/Frameworks/Carbon.framework/Versions/A/Frameworks/ImageCapture.framework/Versions/A/ImageCapture
0x0000000005b1a000 	/System/Library/Frameworks/Carbon.framework/Versions/A/Frameworks/OpenScripting.framework/Versions/A/OpenScripting
0x0000000005b1a000 	/System/Library/Frameworks/Carbon.framework/Versions/A/Frameworks/Print.framework/Versions/A/Print
0x0000000005b1a000 	/System/Library/Frameworks/Carbon.framework/Versions/A/Frameworks/SecurityHI.framework/Versions/A/SecurityHI
0x00000001e0129000 	/Library/Java/JavaVirtualMachines/jdk1.8.0_25.jdk/Contents/Home/jre/lib/libdt_socket.dylib

VM Arguments:
jvm_args: -agentlib:jdwp=transport=dt_socket,address=127.0.0.1:55773,suspend=y,server=n -javaagent:/Users/k.otrebski/Library/Caches/IntelliJIdea14/groovyHotSwap/gragent.jar -Dfile.encoding=UTF-8 
java_command: pl.otros.logview.gui.suggestion.QuerySuggestionSource
java_class_path (initial): /Library/Java/JavaVirtualMachines/jdk1.8.0_25.jdk/Contents/Home/lib/ant-javafx.jar:/Library/Java/JavaVirtualMachines/jdk1.8.0_25.jdk/Contents/Home/lib/dt.jar:/Library/Java/JavaVirtualMachines/jdk1.8.0_25.jdk/Contents/Home/lib/javafx-mx.jar:/Library/Java/JavaVirtualMachines/jdk1.8.0_25.jdk/Contents/Home/lib/jconsole.jar:/Library/Java/JavaVirtualMachines/jdk1.8.0_25.jdk/Contents/Home/lib/sa-jdi.jar:/Library/Java/JavaVirtualMachines/jdk1.8.0_25.jdk/Contents/Home/lib/tools.jar:/Library/Java/JavaVirtualMachines/jdk1.8.0_25.jdk/Contents/Home/jre/lib/charsets.jar:/Library/Java/JavaVirtualMachines/jdk1.8.0_25.jdk/Contents/Home/jre/lib/deploy.jar:/Library/Java/JavaVirtualMachines/jdk1.8.0_25.jdk/Contents/Home/jre/lib/javaws.jar:/Library/Java/JavaVirtualMachines/jdk1.8.0_25.jdk/Contents/Home/jre/lib/jce.jar:/Library/Java/JavaVirtualMachines/jdk1.8.0_25.jdk/Contents/Home/jre/lib/jfr.jar:/Library/Java/JavaVirtualMachines/jdk1.8.0_25.jdk/Contents/Home/jre/lib/jfxswt.jar:/Library/Java/JavaVirtualMachines/jdk1.8.0_25.jdk/Contents/Home/jre/lib/jsse.jar:/Library/Java/JavaVirtualMachines/jdk1.8.0_25.jdk/Contents/Home/jre/lib/management-agent.jar:/Library/Java/JavaVirtualMachines/jdk1.8.0_25.jdk/Contents/Home/jre/lib/plugin.jar:/Library/Java/JavaVirtualMachines/jdk1.8.0_25.jdk/Contents/Home/jre/lib/resources.jar:/Library/Java/JavaVirtualMachines/jdk1.8.0_25.jdk/Contents/Home/jre/lib/rt.jar:/Library/Java/JavaVirtualMachines/jdk1.8.0_25.jdk/Contents/Home/jre/lib/ext/cldrdata.jar:/Library/Java/JavaVirtualMachines/jdk1.8.0_25.jdk/Contents/Home/jre/lib/ext/dnsns.jar:/Library/Java/JavaVirtualMachines/jdk1.8.0_25.jdk/Contents/Home/jre/lib/ext/jfxrt.jar:/Library/Java/JavaVirtualMachines/jdk1.8.0_25.jdk/Contents/Home/jre/lib/ext/localedata.jar:/Library/Java/JavaVirtualMachines/jdk1.8.0_25.jdk/Contents/Home/jre/lib/ext/nashorn.jar:/Library/Java/JavaVirtualMachines/jdk1.8.0_25.jdk/Contents/Home/jre/lib/ext/sunec.jar:/Library/Java/JavaVirtualMachines/jdk1.8.0_25.jdk/C
Launcher Type: SUN_STANDARD

Environment Variables:
JAVA_HOME=/Library/Java/JavaVirtualMachines/jdk1.8.0_25.jdk/Contents/Home/
PATH=/Users/k.otrebski/Library/sbt//bin:/usr/local/bin:/usr/bin:/bin:/usr/sbin:/sbin:/Users/k.otrebski/Library/apache-maven//bin
SHELL=/bin/bash

Signal Handlers:
SIGSEGV: [libjvm.dylib+0x579dc7], sa_mask[0]=11111111011111110111111111111111, sa_flags=SA_ONSTACK|SA_RESTART|SA_SIGINFO
SIGBUS: [libjvm.dylib+0x579dc7], sa_mask[0]=11111111011111110111111111111111, sa_flags=SA_RESTART|SA_SIGINFO
SIGFPE: [libjvm.dylib+0x45b030], sa_mask[0]=11111111011111110111111111111111, sa_flags=SA_RESTART|SA_SIGINFO
SIGPIPE: [libjvm.dylib+0x45b030], sa_mask[0]=11111111011111110111111111111111, sa_flags=SA_RESTART|SA_SIGINFO
SIGXFSZ: [libjvm.dylib+0x45b030], sa_mask[0]=11111111011111110111111111111111, sa_flags=SA_RESTART|SA_SIGINFO
SIGILL: [libjvm.dylib+0x45b030], sa_mask[0]=11111111011111110111111111111111, sa_flags=SA_RESTART|SA_SIGINFO
SIGUSR1: SIG_DFL, sa_mask[0]=00000000000000000000000000000000, sa_flags=none
SIGUSR2: [libjvm.dylib+0x45ab4e], sa_mask[0]=00100000000000000000000000000000, sa_flags=SA_RESTART|SA_SIGINFO
SIGHUP: [libjvm.dylib+0x459121], sa_mask[0]=11111111011111110111111111111111, sa_flags=SA_RESTART|SA_SIGINFO
SIGINT: [libjvm.dylib+0x459121], sa_mask[0]=11111111011111110111111111111111, sa_flags=SA_RESTART|SA_SIGINFO
SIGTERM: [libjvm.dylib+0x459121], sa_mask[0]=11111111011111110111111111111111, sa_flags=SA_RESTART|SA_SIGINFO
SIGQUIT: [libjvm.dylib+0x459121], sa_mask[0]=11111111011111110111111111111111, sa_flags=SA_RESTART|SA_SIGINFO


---------------  S Y S T E M  ---------------

OS:Bsduname:Darwin 14.4.0 Darwin Kernel Version 14.4.0: Thu May 28 11:35:04 PDT 2015; root:xnu-2782.30.5~1/RELEASE_X86_64 x86_64
rlimit: STACK 8192k, CORE 0k, NPROC 709, NOFILE 10240, AS infinity
load average:2.92 2.95 3.07

CPU:total 8 (4 cores per cpu, 2 threads per core) family 6 model 70 stepping 1, cmov, cx8, fxsr, mmx, sse, sse2, sse3, ssse3, sse4.1, sse4.2, popcnt, avx, avx2, aes, clmul, erms, rtm, lzcnt, ht, tsc, tscinvbit, bmi1, bmi2

Memory: 4k page, physical 8388608k(295660k free)

/proc/meminfo:


vm_info: Java HotSpot(TM) 64-Bit Server VM (25.25-b02) for bsd-amd64 JRE (1.8.0_25-b17), built on Sep 17 2014 16:56:50 by "java_re" with gcc 4.2.1 (Based on Apple Inc. build 5658) (LLVM build 2336.11.00)

time: Mon Jul 27 21:13:17 2015
elapsed time: 561 seconds (0d 0h 9m 21s)

