Starting application
Common configuration file do not exist
Icon /img/icon.png for field LOGO_SMALL loaded
Icon /img/otros/logo16.png for field LOGO_OTROS_16 loaded
Icon /img/otros/logo32.png for field LOGO_OTROS_32 loaded
Icon /img/otros/logo64.png for field LOGO_OTROS_64 loaded
Icon /img/fugue/control-double-270.png for field FOLLOW_ON loaded
Icon /img/fugue/control-skip-270.png for field FOLLOW_OFF loaded
Icon /img/fugue/control.png for field TAILING_LIVE loaded
Icon /img/fugue/control-stop.png for field TAILING_PAUSE loaded
Icon /img/class.png for field CLASS loaded
Icon /img/class_ignore.png for field CLASS_IGNORED loaded
Icon /img/package_open.png for field PACKAGE_OPEN loaded
Icon /img/package_open_ignore.png for field PACKAGE_OPEN_IGNORED loaded
Icon /img/package_closed.png for field PACKAGE_CLOSE loaded
Icon /img/package_closed_ignore.png for field PACKAGE_CLOSE_IGNORED loaded
Icon /img/note_empty.png for field NOTE_EMPTY loaded
Icon /img/note_exist.png for field NOTE_EXIST loaded
Icon /img/magnifier.png for field MAGNIFIER loaded
Icon /img/fugue/arrow-270-medium.png for field ARROW_DOWN loaded
Icon /img/fugue/arrow-090-medium.png for field ARROW_UP loaded
Icon /img/fugue/navigation-270-button.png for field ARROW_DOWN_IN_BOX loaded
Icon /img/fugue/navigation-090-button.png for field ARROW_UP_IN_BOX loaded
Icon /img/fugue/arrow-turn-090.png for field ARROW_TURN_090 loaded
Icon /img/fugue/arrow-turn-270.png for field ARROW_TURN_270 loaded
Icon /img/fugue/arrow-branch-270-left.png for field ARROW_BRANCH_270 loaded
Icon /img/fugue/arrow-join.png for field ARROW_JOIN loaded
Icon /img/fugue/broom.png for field CLEAR loaded
Icon /img/fugue/beans.png for field LEVEL_FINEST loaded
Icon /img/fugue/bean.png for field LEVEL_FINER loaded
Icon /img/fugue/bean-green.png for field LEVEL_FINE loaded
Icon /img/fugue/hammer.png for field LEVEL_CONFIG loaded
Icon /img/fugue/information-button.png for field LEVEL_INFO loaded
Icon /img/fugue/exclamation-button.png for field LEVEL_WARNING loaded
Icon /img/fugue/exclamation-red.png for field LEVEL_SEVERE loaded
Icon /img/fugue/clipboard--plus.png for field AUTOMATIC_MARKERS loaded
Icon /img/fugue/clipboard--minus.png for field AUTOMATIC_UNMARKERS loaded
Icon /img/fugue/clipboard.png for field MARKINGS_CLEAR loaded
Icon /img/fugue24/wand-hat.png for field WIZARD loaded
Icon /img/fugue/application-export.png for field EXPORT loaded
Icon /img/fugue/application-import.png for field IMPORT loaded
Icon /img/fugue24/application-import.png for field IMPORT_24 loaded
Icon /img/fugue/funnel--arrow.png for field FILTER loaded
Icon /img/fugue/table-insert-column.png for field TABLE_COLUMN loaded
Icon /img/fugue/layer-resize-replicate.png for field TABLE_RESIZE loaded
Icon /img/fugue/control-power.png for field TURN_OFF loaded
Icon /img/fugue/arrow-continue-180.png for field TAIL loaded
Icon /img/fugue/minus-white.png for field TAB_HEADER_NORMAL loaded
Icon /img/fugue/minus-circle.png for field TAB_HEADER_HOVER loaded
Icon /img/fugue/category.png for field MARKER loaded
Icon /img/fugue/compile.png for field NEXT_LEVEL_INFO loaded
Icon /img/fugue/compile-warning.png for field NEXT_LEVEL_WARNING loaded
Icon /img/fugue/compile-error.png for field NEXT_LEVEL_ERROR loaded
Icon /img/fugue/compile-flip.png for field PREV_LEVEL_INFO loaded
Icon /img/fugue/compile-warning-flip.png for field PREV_LEVEL_WARNING loaded
Icon /img/fugue/compile-error-flip.png for field PREV_LEVEL_ERROR loaded
Icon /img/fugue/question-button.png for field HELP loaded
Icon /img/fugue/wrench.png for field WRENCH loaded
Icon /img/fugue/wrench--arrow.png for field WRENCH_ARROW loaded
Icon /img/fugue/disk.png for field DISK loaded
Icon /img/fugue/disk--plus.png for field DISK_PLUS loaded
Icon /img/fugue/folder-open.png for field FOLDER_OPEN loaded
Icon /img/fugue/arrow-repeat.png for field ARROW_REPEAT loaded
Icon /img/fugue/plug.png for field PLUGIN loaded
Icon /img/fugue/plug-connect.png for field PLUGIN_CONNECT loaded
Icon /img/fugue/plug-disconnect.png for field PLUGIN_DISCONNECT loaded
Icon /img/fugue/plug--plus.png for field PLUGIN_PLUS loaded
Icon /img/fugue/color.png for field MESSAGE_COLORIZER loaded
Icon /img/fugue/edit-alignment-center.png for field MESSAGE_FORMATTER loaded
Icon /img/fugue/minus-button.png for field DELETE loaded
Icon /img/fugue/plus-button.png for field ADD loaded
Icon /img/fugue/table-select-row.png for field TABLE_SELECT_ROW loaded
Icon /img/fugue/credit-cards.png for field CREDIT_CARDS loaded
Icon /img/btn_donateCC_LG.gif for field DONATE loaded
Icon /img/fugue24/megaphone.png for field MEGAPHONE_24 loaded
Icon /img/fugue/bin.png for field BIN loaded
Icon /img/fugue/document-copy.png for field DOCUMENT_COPY loaded
Icon /img/ide/eclipse-disconnected.png for field ICE_ECLIPSE_DISCONNECTED loaded
Icon /img/ide/idea-disconnected.png for field IDE_IDEA_DISCONNCTED loaded
Icon /img/ide/eclipse.gif for field IDE_ECLIPSE loaded
Icon /img/ide/idea.png for field IDE_IDEA loaded
Icon /img/fugue/tick-button.png for field STATUS_OK loaded
Icon /img/fugue/cross-button.png for field STATUS_ERROR loaded
Icon /img/fugue/question-button.png for field STATUS_UNKNOWN loaded
Icon /img/fugue/gear.png for field GEAR loaded
Icon /img/fugue/arrow-step-over.png for field ARROW_STEP_OVER loaded
Icon /img/fugue/arrow-step-over.png for field ARROW_STEP_OVER_GRAY loaded
Icon /img/fugue/table-export.png for field TABLE_EXPORT loaded
Icon /img/fugue/table-import.png for field TABLE_IMPORT loaded
Icon /img/fugue/clipboard-paste.png for field CLIPBOARD_PASTE loaded
Icon /img/fugue/edit-signature.png for field EDIT_SIGNATURE loaded
Icon /img/fugue/edit-column.png for field EDIT_COLUMNS loaded
Icon /img/fugue/arrow-continue-180.png for field SCROLL_HORIZONTAL loaded
Initializing look and feel: com.jgoodies.looks.plastic.PlasticXPLookAndFeel
Checking running version
icon loaded
icon loaded
LogbackSocketLogImporter.init

Error checking if class olv.scala.MapFormatter$$anonfun$1 from file /Users/k.otrebski/.otroslogviewer/plugins/message/ScalaOlvFormatter-1.0.jar is implementing pl.otros.logview.api.MessageColorizer: scala/Serializable
Error checking if class olv.scala.MapFormatter$$anonfun$2 from file /Users/k.otrebski/.otroslogviewer/plugins/message/ScalaOlvFormatter-1.0.jar is implementing pl.otros.logview.api.MessageColorizer: scala/Serializable
Error checking if class olv.scala.MapFormatter$$anonfun$3 from file /Users/k.otrebski/.otroslogviewer/plugins/message/ScalaOlvFormatter-1.0.jar is implementing pl.otros.logview.api.MessageColorizer: scala/Serializable
Error checking if class olv.scala.MapIterator$$anon$1 from file /Users/k.otrebski/.otroslogviewer/plugins/message/ScalaOlvFormatter-1.0.jar is implementing pl.otros.logview.api.MessageColorizer: scala/collection/Iterator
Error checking if class olv.scala.MapIterator$$anon$2 from file /Users/k.otrebski/.otroslogviewer/plugins/message/ScalaOlvFormatter-1.0.jar is implementing pl.otros.logview.api.MessageColorizer: scala/Function1
Error checking if class olv.scala.MapIterator$$anonfun$1 from file /Users/k.otrebski/.otroslogviewer/plugins/message/ScalaOlvFormatter-1.0.jar is implementing pl.otros.logview.api.MessageColorizer: scala/Serializable
Error checking if class olv.scala.MapIterator$$anonfun$2 from file /Users/k.otrebski/.otroslogviewer/plugins/message/ScalaOlvFormatter-1.0.jar is implementing pl.otros.logview.api.MessageColorizer: scala/Serializable
Error checking if class olv.scala.MapIterator$$anonfun$main$1 from file /Users/k.otrebski/.otroslogviewer/plugins/message/ScalaOlvFormatter-1.0.jar is implementing pl.otros.logview.api.MessageColorizer: scala/Serializable
Error checking if class olv.scala.MapIterator$ from file /Users/k.otrebski/.otroslogviewer/plugins/message/ScalaOlvFormatter-1.0.jar is implementing pl.otros.logview.api.MessageColorizer: scala/Function2
Error checking if class olv.scala.MapFormatter$$anonfun$1 from file /Users/k.otrebski/.otroslogviewer/plugins/message/ScalaOlvFormatter-1.0.jar is implementing pl.otros.logview.api.MessageFormatter: scala/Serializable
Error checking if class olv.scala.MapFormatter$$anonfun$2 from file /Users/k.otrebski/.otroslogviewer/plugins/message/ScalaOlvFormatter-1.0.jar is implementing pl.otros.logview.api.MessageFormatter: scala/Serializable
Error checking if class olv.scala.MapFormatter$$anonfun$3 from file /Users/k.otrebski/.otroslogviewer/plugins/message/ScalaOlvFormatter-1.0.jar is implementing pl.otros.logview.api.MessageFormatter: scala/Serializable
Error checking if class olv.scala.MapIterator$$anon$1 from file /Users/k.otrebski/.otroslogviewer/plugins/message/ScalaOlvFormatter-1.0.jar is implementing pl.otros.logview.api.MessageFormatter: scala/collection/Iterator
Error checking if class olv.scala.MapIterator$$anon$2 from file /Users/k.otrebski/.otroslogviewer/plugins/message/ScalaOlvFormatter-1.0.jar is implementing pl.otros.logview.api.MessageFormatter: scala/Function1
Error checking if class olv.scala.MapIterator$$anonfun$1 from file /Users/k.otrebski/.otroslogviewer/plugins/message/ScalaOlvFormatter-1.0.jar is implementing pl.otros.logview.api.MessageFormatter: scala/Serializable
Error checking if class olv.scala.MapIterator$$anonfun$2 from file /Users/k.otrebski/.otroslogviewer/plugins/message/ScalaOlvFormatter-1.0.jar is implementing pl.otros.logview.api.MessageFormatter: scala/Serializable
Error checking if class olv.scala.MapIterator$$anonfun$main$1 from file /Users/k.otrebski/.otroslogviewer/plugins/message/ScalaOlvFormatter-1.0.jar is implementing pl.otros.logview.api.MessageFormatter: scala/Serializable
Error checking if class olv.scala.MapIterator$ from file /Users/k.otrebski/.otroslogviewer/plugins/message/ScalaOlvFormatter-1.0.jar is implementing pl.otros.logview.api.MessageFormatter: scala/Function2
Error creating class olv.scala.MapFormatter from file /Users/k.otrebski/.otroslogviewer/plugins/message/ScalaOlvFormatter-1.0.jar: scala/math/Ordering
Loading favorites 7
Updating selection
Resolving file: /Users/k.otrebski
Getting authenticator for /Users/k.otrebski
Supported schemes: zip, par, ftps, res, ftp, tar, sar, tgz, war, smb, tbz2, file, gz, tmp, ear, ejb3, http, jar, sftp, bz2, https, ram 
Have 109 files in file:///Users/k.otrebski
Checking for SFTP links
Checking SFTP links took 1 ms [0.0091743115ms/file]
Updating selection
Checking running version
Loading plugins
